<?xml version="1.0" encoding="UTF-8"?><testsuite errors="1" failures="2" name="login screen validation Bank Caja Social - digital loan" skipped="0" tests="3" time="94.2" timestamp="2022-06-21 04:56:22"><testcase name="Alone IdType"><error message="Expected login question&#10;Expected: is &lt;true&gt;&#10;     but: was &lt;false&gt;" type="java.lang.AssertionError">Expected login question
Expected: is &lt;true&gt;
     but: was &lt;false&gt;</error><system-err>Expected login question
Expected: is &lt;true&gt;
     but: was &lt;false&gt;&#13;
com.bcs.certification.digitalloan.stepdefinitions.e2eLoginStep.iFillInTheLoginFields(e2eLoginStepStep.java:24)&#13;
✽.I fill in the login fields Cédula de ciudadanía, NA, NA, Iniciar Sesión(src/test/resources/features/e2e-login.feature:14)&#13;
</system-err></testcase></testsuite>