<?xml version="1.0" encoding="UTF-8"?><testsuite errors="0" failures="1" name="onboarding screen validation Bank Caja Social - digital loan" skipped="0" tests="1" time="17.21" timestamp="2022-09-19 07:34:32"><testcase name="Button 1"><failure message="Expected login question&#10;Expected: is &lt;true&gt;&#10;     but: was &lt;false&gt;" type="java.lang.AssertionError">Expected login question
Expected: is &lt;true&gt;
     but: was &lt;false&gt;</failure><system-err>Expected login question
Expected: is &lt;true&gt;
     but: was &lt;false&gt;&#13;
com.bcs.certification.digitalloan.stepdefinitions.e2eOnboardingStep.iEnterTheLoginScreen(e2eOnboardingStep.java:35)&#13;
✽.I enter the login screen Iniciar sesión(src/test/resources/features/e2e-onboarding.feature:16)&#13;
</system-err></testcase></testsuite>