<?xml version="1.0" encoding="UTF-8"?><testsuite errors="11" failures="0" name="login screen validation Bank Caja Social - digital loan" skipped="0" tests="13" time="460.47" timestamp="2022-06-23 01:39:06"><testcase name="Button Disabled"><error message="no such element: Unable to locate element: {&quot;method&quot;:&quot;xpath&quot;,&quot;selector&quot;:&quot;//SPAN[text()='Mínimo 3 caracteres']&quot;}&#10;  (Session info: chrome=102.0.5005.115)&#10;For documentation on this error, please visit: https://www.seleniumhq.org/exceptions/no_such_element.html&#10;Build info: version: '3.141.59', revision: 'e82be7d358', time: '2018-11-14T08:17:03'&#10;System info: host: 'BOD02INDGPT18', ip: '192.168.20.84', os.name: 'Windows 10', os.arch: 'amd64', os.version: '10.0', java.version: '1.8.0_202'&#10;Driver info: org.openqa.selenium.chrome.ChromeDriver&#10;Capabilities {acceptInsecureCerts: false, browserName: chrome, browserVersion: 102.0.5005.115, chrome: {chromedriverVersion: 102.0.5005.61 (0e59bcc00cc4..., userDataDir: C:\Users\M2G7A9A1\AppData\L...}, goog:chromeOptions: {debuggerAddress: localhost:50674}, javascriptEnabled: true, networkConnectionEnabled: false, pageLoadStrategy: normal, platform: WINDOWS, platformName: WINDOWS, proxy: Proxy(), setWindowRect: true, strictFileInteractability: false, timeouts: {implicit: 0, pageLoad: 300000, script: 30000}, unhandledPromptBehavior: dismiss and notify, webauthn:extension:credBlob: true, webauthn:extension:largeBlob: true, webauthn:virtualAuthenticators: true}&#10;Session ID: bd681cb188247c43a6090887a25b49c7&#10;*** Element info: {Using=xpath, value=//SPAN[text()='Mínimo 3 caracteres']}" type="java.lang.AssertionError">no such element: Unable to locate element: {"method":"xpath","selector":"//SPAN[text()='Mínimo 3 caracteres']"}
  (Session info: chrome=102.0.5005.115)
For documentation on this error, please visit: https://www.seleniumhq.org/exceptions/no_such_element.html
Build info: version: '3.141.59', revision: 'e82be7d358', time: '2018-11-14T08:17:03'
System info: host: 'BOD02INDGPT18', ip: '192.168.20.84', os.name: 'Windows 10', os.arch: 'amd64', os.version: '10.0', java.version: '1.8.0_202'
Driver info: org.openqa.selenium.chrome.ChromeDriver
Capabilities {acceptInsecureCerts: false, browserName: chrome, browserVersion: 102.0.5005.115, chrome: {chromedriverVersion: 102.0.5005.61 (0e59bcc00cc4..., userDataDir: C:\Users\M2G7A9A1\AppData\L...}, goog:chromeOptions: {debuggerAddress: localhost:50674}, javascriptEnabled: true, networkConnectionEnabled: false, pageLoadStrategy: normal, platform: WINDOWS, platformName: WINDOWS, proxy: Proxy(), setWindowRect: true, strictFileInteractability: false, timeouts: {implicit: 0, pageLoad: 300000, script: 30000}, unhandledPromptBehavior: dismiss and notify, webauthn:extension:credBlob: true, webauthn:extension:largeBlob: true, webauthn:virtualAuthenticators: true}
Session ID: bd681cb188247c43a6090887a25b49c7
*** Element info: {Using=xpath, value=//SPAN[text()='Mínimo 3 caracteres']}</error><system-err>no such element: Unable to locate element: {"method":"xpath","selector":"//SPAN[text()='Mínimo 3 caracteres']"}
  (Session info: chrome=102.0.5005.115)
For documentation on this error, please visit: https://www.seleniumhq.org/exceptions/no_such_element.html
Build info: version: '3.141.59', revision: 'e82be7d358', time: '2018-11-14T08:17:03'
System info: host: 'BOD02INDGPT18', ip: '192.168.20.84', os.name: 'Windows 10', os.arch: 'amd64', os.version: '10.0', java.version: '1.8.0_202'
Driver info: org.openqa.selenium.chrome.ChromeDriver
Capabilities {acceptInsecureCerts: false, browserName: chrome, browserVersion: 102.0.5005.115, chrome: {chromedriverVersion: 102.0.5005.61 (0e59bcc00cc4..., userDataDir: C:\Users\M2G7A9A1\AppData\L...}, goog:chromeOptions: {debuggerAddress: localhost:50674}, javascriptEnabled: true, networkConnectionEnabled: false, pageLoadStrategy: normal, platform: WINDOWS, platformName: WINDOWS, proxy: Proxy(), setWindowRect: true, strictFileInteractability: false, timeouts: {implicit: 0, pageLoad: 300000, script: 30000}, unhandledPromptBehavior: dismiss and notify, webauthn:extension:credBlob: true, webauthn:extension:largeBlob: true, webauthn:virtualAuthenticators: true}
Session ID: bd681cb188247c43a6090887a25b49c7
*** Element info: {Using=xpath, value=//SPAN[text()='Mínimo 3 caracteres']}&#13;
com.bcs.certification.digitalloan.stepdefinitions.e2eLoginStep.theDifferentMessagesAreValidated(e2eLoginStepStep.java:43)&#13;
✽.the different messages are validated Mínimo 8 caracteres(src/test/resources/features/e2e-login.feature:38)&#13;
</system-err></testcase></testsuite>