<?xml version="1.0" encoding="UTF-8"?><testsuite errors="1" failures="0" name="complete process to acquire a digital loan" skipped="0" tests="1" time="26.08" timestamp="2022-09-19 01:05:19"><testcase name="digital loan"><error message="element not interactable&#10;  (Session info: chrome=105.0.5195.127)&#10;Build info: version: '3.141.59', revision: 'e82be7d358', time: '2018-11-14T08:17:03'&#10;System info: host: 'GAVILAN', ip: '192.168.5.115', os.name: 'Windows 10', os.arch: 'amd64', os.version: '10.0', java.version: '1.8.0_322'&#10;Driver info: org.openqa.selenium.chrome.ChromeDriver&#10;Capabilities {acceptInsecureCerts: false, browserName: chrome, browserVersion: 105.0.5195.127, chrome: {chromedriverVersion: 105.0.5195.52 (412c95e51883..., userDataDir: C:\Users\GAVILAN\AppData\Lo...}, goog:chromeOptions: {debuggerAddress: localhost:60847}, javascriptEnabled: true, networkConnectionEnabled: false, pageLoadStrategy: normal, platform: WINDOWS, platformName: WINDOWS, proxy: Proxy(), setWindowRect: true, strictFileInteractability: false, timeouts: {implicit: 0, pageLoad: 300000, script: 30000}, unhandledPromptBehavior: dismiss and notify, webauthn:extension:credBlob: true, webauthn:extension:largeBlob: true, webauthn:virtualAuthenticators: true}&#10;Session ID: 14f84c684fa280856576ce8fe5690d41" type="org.openqa.selenium.ElementNotInteractableException">element not interactable
  (Session info: chrome=105.0.5195.127)
Build info: version: '3.141.59', revision: 'e82be7d358', time: '2018-11-14T08:17:03'
System info: host: 'GAVILAN', ip: '192.168.5.115', os.name: 'Windows 10', os.arch: 'amd64', os.version: '10.0', java.version: '1.8.0_322'
Driver info: org.openqa.selenium.chrome.ChromeDriver
Capabilities {acceptInsecureCerts: false, browserName: chrome, browserVersion: 105.0.5195.127, chrome: {chromedriverVersion: 105.0.5195.52 (412c95e51883..., userDataDir: C:\Users\GAVILAN\AppData\Lo...}, goog:chromeOptions: {debuggerAddress: localhost:60847}, javascriptEnabled: true, networkConnectionEnabled: false, pageLoadStrategy: normal, platform: WINDOWS, platformName: WINDOWS, proxy: Proxy(), setWindowRect: true, strictFileInteractability: false, timeouts: {implicit: 0, pageLoad: 300000, script: 30000}, unhandledPromptBehavior: dismiss and notify, webauthn:extension:credBlob: true, webauthn:extension:largeBlob: true, webauthn:virtualAuthenticators: true}
Session ID: 14f84c684fa280856576ce8fe5690d41</error><system-err>element not interactable
  (Session info: chrome=105.0.5195.127)
Build info: version: '3.141.59', revision: 'e82be7d358', time: '2018-11-14T08:17:03'
System info: host: 'GAVILAN', ip: '192.168.5.115', os.name: 'Windows 10', os.arch: 'amd64', os.version: '10.0', java.version: '1.8.0_322'
Driver info: org.openqa.selenium.chrome.ChromeDriver
Capabilities {acceptInsecureCerts: false, browserName: chrome, browserVersion: 105.0.5195.127, chrome: {chromedriverVersion: 105.0.5195.52 (412c95e51883..., userDataDir: C:\Users\GAVILAN\AppData\Lo...}, goog:chromeOptions: {debuggerAddress: localhost:60847}, javascriptEnabled: true, networkConnectionEnabled: false, pageLoadStrategy: normal, platform: WINDOWS, platformName: WINDOWS, proxy: Proxy(), setWindowRect: true, strictFileInteractability: false, timeouts: {implicit: 0, pageLoad: 300000, script: 30000}, unhandledPromptBehavior: dismiss and notify, webauthn:extension:credBlob: true, webauthn:extension:largeBlob: true, webauthn:virtualAuthenticators: true}
Session ID: 14f84c684fa280856576ce8fe5690d41&#13;
com.bcs.certification.digitalloan.tasks.login.performAs(login.java:116)&#13;
com.bcs.certification.digitalloan.stepdefinitions.happyPathCedulaStep.iSelectIdTypeAndIEnterTheUserNameIEnterPasswordIClickTheButtonIWantIt(happyPathCedulaStep.java:44)&#13;
cucumber.runner.Runner.runPickle(Runner.java:80)&#13;
com.bcs.certification.digitalloan.utils.customrunner.customRunner.run(customRunner.java:56)&#13;
</system-err></testcase></testsuite>